<?xml version="1.0" encoding="UTF-8"?>
<!-- Generated by org.testng.reporters.JUnitReportReporter -->
<testsuite skipped="0" hostname="DESKTOP-LK7NIRS" name="org.qa.api.GetAPI" tests="1" failures="0" timestamp="19 Mar 2020 01:12:04 GMT" time="2.379" errors="0">
  <testcase name="getApiwithHeaders" time="2.379" classname="org.qa.api.GetAPI"/>
</testsuite> <!-- org.qa.api.GetAPI -->
