<?xml version="1.0" encoding="UTF-8"?>
<!-- Generated by org.testng.reporters.JUnitReportReporter -->
<testsuite skipped="0" hostname="DESKTOP-LK7NIRS" name="org.qa.api.PostAPI" tests="1" failures="0" timestamp="19 Mar 2020 01:19:08 GMT" time="3.527" errors="0">
  <testcase name="postApi" time="3.527" classname="org.qa.api.PostAPI"/>
</testsuite> <!-- org.qa.api.PostAPI -->
