<?xml version="1.0" encoding="UTF-8"?>
<!-- Generated by org.testng.reporters.JUnitReportReporter -->
<testsuite skipped="0" hostname="DESKTOP-LK7NIRS" name="org.restclient.GetAPI" tests="1" failures="0" timestamp="17 Mar 2020 10:08:28 GMT" time="2.736" errors="0">
  <testcase name="getApi" time="2.736" classname="org.restclient.GetAPI"/>
</testsuite> <!-- org.restclient.GetAPI -->
